<?xml version="1.0" encoding="UTF-8"?>
<testsuite xmlns:xsi="http://www.w3.org/2001/XMLSchema-instance" xsi:noNamespaceSchemaLocation="https://maven.apache.org/surefire/maven-surefire-plugin/xsd/surefire-test-report-3.0.xsd" version="3.0" name="org.example.AppTest" time="0.002" tests="1" errors="0" skipped="0" failures="0">
  <properties>
    <property name="sun.desktop" value="windows"/>
    <property name="awt.toolkit" value="sun.awt.windows.WToolkit"/>
    <property name="java.specification.version" value="11"/>
    <property name="sun.cpu.isalist" value="amd64"/>
    <property name="sun.jnu.encoding" value="Cp1251"/>
    <property name="java.class.path" value="C:\Users\sibkas\Desktop\java\java_hw_4\task_1\mymvn\target\test-classes;C:\Users\sibkas\Desktop\java\java_hw_4\task_1\mymvn\target\classes;C:\Users\sibkas\.m2\repository\org\junit\jupiter\junit-jupiter-engine\5.7.1\junit-jupiter-engine-5.7.1.jar;C:\Users\sibkas\.m2\repository\org\apiguardian\apiguardian-api\1.1.0\apiguardian-api-1.1.0.jar;C:\Users\sibkas\.m2\repository\org\junit\platform\junit-platform-engine\1.7.1\junit-platform-engine-1.7.1.jar;C:\Users\sibkas\.m2\repository\org\opentest4j\opentest4j\1.2.0\opentest4j-1.2.0.jar;C:\Users\sibkas\.m2\repository\org\junit\platform\junit-platform-commons\1.7.1\junit-platform-commons-1.7.1.jar;C:\Users\sibkas\.m2\repository\org\junit\jupiter\junit-jupiter-api\5.7.1\junit-jupiter-api-5.7.1.jar;C:\Users\sibkas\.m2\repository\org\junit\jupiter\junit-jupiter-params\5.7.1\junit-jupiter-params-5.7.1.jar;"/>
    <property name="java.vm.vendor" value="Microsoft"/>
    <property name="sun.arch.data.model" value="64"/>
    <property name="user.variant" value=""/>
    <property name="java.vendor.url" value="https://www.microsoft.com"/>
    <property name="user.timezone" value="Asia/Krasnoyarsk"/>
    <property name="java.vm.specification.version" value="11"/>
    <property name="os.name" value="Windows 10"/>
    <property name="sun.java.launcher" value="SUN_STANDARD"/>
    <property name="user.country" value="RU"/>
    <property name="sun.boot.library.path" value="C:\Users\sibkas\.jdks\ms-11.0.27\bin"/>
    <property name="sun.java.command" value="C:\Temp\surefire2543636191934889141\surefirebooter675371778209712042.jar C:\Temp\surefire2543636191934889141 2025-07-13T06-58-12_640-jvmRun1 surefire232463557733464316tmp surefire_014387053144349534134tmp"/>
    <property name="jdk.debug" value="release"/>
    <property name="surefire.test.class.path" value="C:\Users\sibkas\Desktop\java\java_hw_4\task_1\mymvn\target\test-classes;C:\Users\sibkas\Desktop\java\java_hw_4\task_1\mymvn\target\classes;C:\Users\sibkas\.m2\repository\org\junit\jupiter\junit-jupiter-engine\5.7.1\junit-jupiter-engine-5.7.1.jar;C:\Users\sibkas\.m2\repository\org\apiguardian\apiguardian-api\1.1.0\apiguardian-api-1.1.0.jar;C:\Users\sibkas\.m2\repository\org\junit\platform\junit-platform-engine\1.7.1\junit-platform-engine-1.7.1.jar;C:\Users\sibkas\.m2\repository\org\opentest4j\opentest4j\1.2.0\opentest4j-1.2.0.jar;C:\Users\sibkas\.m2\repository\org\junit\platform\junit-platform-commons\1.7.1\junit-platform-commons-1.7.1.jar;C:\Users\sibkas\.m2\repository\org\junit\jupiter\junit-jupiter-api\5.7.1\junit-jupiter-api-5.7.1.jar;C:\Users\sibkas\.m2\repository\org\junit\jupiter\junit-jupiter-params\5.7.1\junit-jupiter-params-5.7.1.jar;"/>
    <property name="sun.cpu.endian" value="little"/>
    <property name="user.home" value="C:\Users\sibkas"/>
    <property name="user.language" value="ru"/>
    <property name="java.specification.vendor" value="Oracle Corporation"/>
    <property name="java.version.date" value="2025-04-15"/>
    <property name="java.home" value="C:\Users\sibkas\.jdks\ms-11.0.27"/>
    <property name="file.separator" value="\"/>
    <property name="basedir" value="C:\Users\sibkas\Desktop\java\java_hw_4\task_1\mymvn"/>
    <property name="java.vm.compressedOopsMode" value="Zero based"/>
    <property name="line.separator" value="&#10;"/>
    <property name="java.specification.name" value="Java Platform API Specification"/>
    <property name="java.vm.specification.vendor" value="Oracle Corporation"/>
    <property name="java.awt.graphicsenv" value="sun.awt.Win32GraphicsEnvironment"/>
    <property name="surefire.real.class.path" value="C:\Temp\surefire2543636191934889141\surefirebooter675371778209712042.jar"/>
    <property name="user.script" value=""/>
    <property name="sun.management.compiler" value="HotSpot 64-Bit Tiered Compilers"/>
    <property name="java.runtime.version" value="11.0.27+6-LTS"/>
    <property name="user.name" value="sibkas"/>
    <property name="path.separator" value=";"/>
    <property name="os.version" value="10.0"/>
    <property name="java.runtime.name" value="OpenJDK Runtime Environment"/>
    <property name="file.encoding" value="Cp1251"/>
    <property name="java.vm.name" value="OpenJDK 64-Bit Server VM"/>
    <property name="java.vendor.version" value="Microsoft-11367275"/>
    <property name="localRepository" value="C:\Users\sibkas\.m2\repository"/>
    <property name="java.vendor.url.bug" value="https://github.com/microsoft/openjdk/issues"/>
    <property name="java.io.tmpdir" value="C:\Temp\"/>
    <property name="idea.version" value="2025.1.3"/>
    <property name="java.version" value="11.0.27"/>
    <property name="user.dir" value="C:\Users\sibkas\Desktop\java\java_hw_4\task_1\mymvn"/>
    <property name="os.arch" value="amd64"/>
    <property name="java.vm.specification.name" value="Java Virtual Machine Specification"/>
    <property name="java.awt.printerjob" value="sun.awt.windows.WPrinterJob"/>
    <property name="sun.os.patch.level" value=""/>
    <property name="java.library.path" value="C:\Users\sibkas\.jdks\ms-11.0.27\bin;C:\Windows\Sun\Java\bin;C:\Windows\system32;C:\Windows;E:\program\VMware\bin\;c:\Users\sibkas\AppData\Local\Programs\cursor\resources\app\bin;C:\Program Files\Common Files\Oracle\Java\javapath;C:\Windows\system32;C:\Windows;C:\Windows\System32\Wbem;C:\Windows\System32\WindowsPowerShell\v1.0\;C:\Program Files (x86)\NVIDIA Corporation\PhysX\Common;C:\Program Files\dotnet\;C:\Program Files\NVIDIA Corporation\NVIDIA app\NvDLISR;E:\program\AOMEI\AOMEI Backupper\7.4.1;C:\Users\sibkas\AppData\Local\Programs\Python\Python312\Scripts\;C:\Users\sibkas\AppData\Local\Programs\Python\Python312\;C:\Users\sibkas\AppData\Local\Programs\Python\Launcher\;C:\Users\sibkas\AppData\Local\UniGetUI\Chocolatey\bin;C:\Users\sibkas\AppData\Local\Programs\WingetUI\choco-cli\bin;C:\Users\sibkas\AppData\Local\Microsoft\WindowsApps;E:\program\geckodriver-v0.34.0-win-aarch64;C:\Users\sibkas\AppData\Local\Microsoft\WinGet\Links;C:\Users\sibkas\.cache\lm-studio\bin;C:\Users\sibkas\AppData\Local\Programs\Ollama;c:\Users\sibkas\AppData\Local\Programs\cursor\resources\app\bi;C:\Program Files\Git\cmd;C:\Program Files\Cloudflare\Cloudflare WARP\;C:\Users\sibkas\AppData\Local\Programs\Python\Python312\Scripts\;C:\Users\sibkas\AppData\Local\Programs\Python\Python312\;C:\Users\sibkas\AppData\Local\Programs\Python\Launcher\;C:\Users\sibkas\AppData\Local\UniGetUI\Chocolatey\bin;C:\Users\sibkas\AppData\Local\Programs\WingetUI\choco-cli\bin;C:\Users\sibkas\AppData\Local\Microsoft\WindowsApps;E:\program\geckodriver-v0.34.0-win-aarch64;C:\Users\sibkas\AppData\Local\Microsoft\WinGet\Links;C:\Users\sibkas\.cache\lm-studio\bin;C:\Users\sibkas\AppData\Local\Programs\Ollama;C:\Program Files\Git\;C:\Users\sibkas\AppData\Local\Programs\Microsoft VS Code\bin;."/>
    <property name="java.vm.info" value="mixed mode, sharing"/>
    <property name="java.vendor" value="Microsoft"/>
    <property name="java.vm.version" value="11.0.27+6-LTS"/>
    <property name="java.specification.maintenance.version" value="3"/>
    <property name="sun.io.unicode.encoding" value="UnicodeLittle"/>
    <property name="java.class.version" value="55.0"/>
  </properties>
  <testcase name="shouldAnswerWithTrue" classname="org.example.AppTest" time="0.001"/>
</testsuite>